<?xml version="1.0" encoding="UTF-8"?>
<!-- Generated by org.testng.reporters.JUnitReportReporter -->
<testsuite hostname="L-INE-JYY4T93" failures="0" tests="5" name="testNGBasics.LearnAttributesDependsOn" time="0.012" errors="0" timestamp="2024-01-17T12:17:27 IST" skipped="0">
  <testcase classname="testNGBasics.LearnAttributesDependsOn" name="signup" time="0.006"/>
  <testcase classname="testNGBasics.LearnAttributesDependsOn" name="searchProduct" time="0.001"/>
  <testcase classname="testNGBasics.LearnAttributesDependsOn" name="login" time="0.001"/>
  <testcase classname="testNGBasics.LearnAttributesDependsOn" name="addToCart" time="0.002"/>
  <testcase classname="testNGBasics.LearnAttributesDependsOn" name="signout" time="0.002"/>
</testsuite> <!-- testNGBasics.LearnAttributesDependsOn -->
