<?xml version="1.0" encoding="UTF-8"?>
<!-- Generated by org.testng.reporters.JUnitReportReporter -->
<testsuite hostname="L-INE-JYY4T93" failures="0" tests="5" name="testNGBasics.LearnAttributesPriority" time="0.012" errors="0" timestamp="2024-01-17T12:45:22 IST" skipped="1">
  <testcase classname="testNGBasics.LearnAttributesPriority" name="login" time="0.007"/>
  <testcase classname="testNGBasics.LearnAttributesPriority" name="searchProduct" time="0.002"/>
  <testcase classname="testNGBasics.LearnAttributesPriority" name="addToCart" time="0.001"/>
  <testcase classname="testNGBasics.LearnAttributesPriority" name="signout" time="0.002"/>
  <testcase classname="testNGBasics.LearnAttributesPriority" name="signup">
    <skipped/>
  </testcase> <!-- signup -->
</testsuite> <!-- testNGBasics.LearnAttributesPriority -->
