<?xml version="1.0" encoding="UTF-8"?>
<!-- Generated by org.testng.reporters.JUnitReportReporter -->
<testsuite hostname="L-INE-JYY4T93" failures="0" tests="4" name="testNGBasics.InvocationCount" time="27.780" errors="0" timestamp="2024-01-17T13:09:25 IST" skipped="0">
  <testcase classname="testNGBasics.InvocationCount" name="invocation" time="6.751"/>
  <testcase classname="testNGBasics.InvocationCount" name="invocation" time="6.395"/>
  <testcase classname="testNGBasics.InvocationCount" name="invocation" time="6.968"/>
  <testcase classname="testNGBasics.InvocationCount" name="invocation" time="7.666"/>
</testsuite> <!-- testNGBasics.InvocationCount -->
