<?xml version="1.0" encoding="UTF-8"?>
<!-- Generated by org.testng.reporters.JUnitReportReporter -->
<testsuite hostname="L-INE-JYY4T93" failures="0" tests="1" name="testNGBasics.Navigate" time="8.693" errors="0" timestamp="2024-01-17T12:01:45 IST" skipped="0">
  <testcase classname="testNGBasics.Navigate" name="navigateFunction" time="8.693"/>
</testsuite> <!-- testNGBasics.Navigate -->
