<?xml version="1.0" encoding="UTF-8"?>
<!-- Generated by org.testng.reporters.JUnitReportReporter -->
<testsuite hostname="L-INE-JYY4T93" failures="0" tests="1" name="testNGBasics.LetCodeEdit" time="4.352" errors="0" timestamp="2024-01-17T11:57:46 IST" skipped="0">
  <testcase classname="testNGBasics.LetCodeEdit" name="main" time="4.352"/>
</testsuite> <!-- testNGBasics.LetCodeEdit -->
