<?xml version="1.0" encoding="UTF-8"?>
<!-- Generated by org.testng.reporters.JUnitReportReporter -->
<testsuite hostname="L-INE-JYY4T93" failures="0" tests="5" name="testNGBasics.LearnAttributes" time="0.013" errors="0" timestamp="2024-01-17T12:12:04 IST" skipped="0">
  <testcase classname="testNGBasics.LearnAttributes" name="signup" time="0.008"/>
  <testcase classname="testNGBasics.LearnAttributes" name="login" time="0.001"/>
  <testcase classname="testNGBasics.LearnAttributes" name="searchProduct" time="0.002"/>
  <testcase classname="testNGBasics.LearnAttributes" name="addToCart" time="0.001"/>
  <testcase classname="testNGBasics.LearnAttributes" name="signout" time="0.001"/>
</testsuite> <!-- testNGBasics.LearnAttributes -->
