<?xml version="1.0" encoding="UTF-8"?>
<!-- Generated by org.testng.reporters.JUnitReportReporter -->
<testsuite hostname="L-INE-JYY4T93" failures="0" tests="1" name="testNGBasics.WindowHandles" time="6.833" errors="0" timestamp="2024-01-17T12:01:45 IST" skipped="0">
  <testcase classname="testNGBasics.WindowHandles" name="handling" time="6.833"/>
</testsuite> <!-- testNGBasics.WindowHandles -->
